<?xml version="1.0" encoding="UTF-8"?>
<!-- Generated by org.testng.reporters.JUnitXMLReporter -->
<testsuite hostname="DESKTOP-AM810LT" ignored="1" name="Test" tests="2" failures="1" timestamp="2019-12-30T16:28:09 IST" time="39.472" errors="0">
  <testcase name="loginApp1" time="9.751" classname="testcases.LoginTestActiTime">
    <failure type="java.lang.AssertionError" message="did not expect to find [true] but found [false]">
      <![CDATA[java.lang.AssertionError: did not expect to find [true] but found [false]
at testcases.LoginTestActiTime.loginApp1(LoginTestActiTime.java:51)
at java.util.ArrayList.forEach(ArrayList.java:1257)
... Removed 35 stack frames]]>
    </failure>
  </testcase> <!-- loginApp1 -->
  <testcase name="loginApp" time="6.579" classname="testcases.LoginTestActiTime"/>
  <testcase name="@BeforeSuite setUpSuite" time="0.0" classname="generic.BaseClass">
    <ignored/>
  </testcase> <!-- @BeforeSuite setUpSuite -->
</testsuite> <!-- Test -->
